#
# There is insufficient memory for the Java Runtime Environment to continue.
# Native memory allocation (mmap) failed to map 134217728 bytes for Failed to commit area from 0x00000000d1200000 to 0x00000000d9200000 of length 134217728.
# Possible reasons:
#   The system is out of physical RAM or swap space
#   The process is running with CompressedOops enabled, and the Java Heap may be blocking the growth of the native heap
# Possible solutions:
#   Reduce memory load on the system
#   Increase physical memory or swap space
#   Check if swap backing store is full
#   Decrease Java heap size (-Xmx/-Xms)
#   Decrease number of Java threads
#   Decrease Java thread stack sizes (-Xss)
#   Set larger code cache with -XX:ReservedCodeCacheSize=
# This output file may be truncated or incomplete.
#
#  Out of Memory Error (./src/hotspot/os/windows/os_windows.cpp:3301), pid=7924, tid=6704
#
# JRE version:  (11.0.11+9) (build )
# Java VM: OpenJDK 64-Bit Server VM (11.0.11+9-b1341.57, mixed mode, sharing, tiered, compressed oops, g1 gc, windows-amd64)
# No core dump will be written. Minidumps are not enabled by default on client versions of Windows
#

---------------  S U M M A R Y ------------

Command Line: -Djava.rmi.server.hostname=127.0.0.1 -Duser.timezone=UTC -Xmx750m -Xms128m -Dfile.encoding=UTF-8 com.intellij.database.remote.RemoteJdbcServer com.mysql.cj.jdbc.Driver

Host: AMD Phenom(tm) II X4 955 Processor, 4 cores, 7G,  Windows 10 , 64 bit Build 19041 (10.0.19041.804)
Time: Tue May 31 12:16:08 2022 Финляндия (лето) elapsed time: 0.075982 seconds (0d 0h 0m 0s)

---------------  T H R E A D  ---------------

Current thread (0x0000025d2b307000):  JavaThread "Unknown thread" [_thread_in_vm, id=6704, stack(0x000000e740d00000,0x000000e740e00000)]

Stack: [0x000000e740d00000,0x000000e740e00000]
Native frames: (J=compiled Java code, j=interpreted, Vv=VM code, C=native code)
V  [jvm.dll+0x5f5c8a]
V  [jvm.dll+0x779405]
V  [jvm.dll+0x77aa1d]
V  [jvm.dll+0x77b0d3]
V  [jvm.dll+0x244bc8]
V  [jvm.dll+0x5f3084]
V  [jvm.dll+0x5e7fe5]
V  [jvm.dll+0x30098b]
V  [jvm.dll+0x3008fa]
V  [jvm.dll+0x3007d2]
V  [jvm.dll+0x3056b6]
V  [jvm.dll+0x34e353]
V  [jvm.dll+0x34ea56]
V  [jvm.dll+0x34e453]
V  [jvm.dll+0x2db398]
V  [jvm.dll+0x2dc547]
V  [jvm.dll+0x757bf7]
V  [jvm.dll+0x7593ec]
V  [jvm.dll+0x35b8d9]
V  [jvm.dll+0x73b38e]
V  [jvm.dll+0x3c3cc3]
V  [jvm.dll+0x3c60e1]
C  [jli.dll+0x5373]
C  [ucrtbase.dll+0x21bb2]
C  [KERNEL32.DLL+0x17034]
C  [ntdll.dll+0x52651]


---------------  P R O C E S S  ---------------

Threads class SMR info:
_java_thread_list=0x0000025d29940900, length=0, elements={
}

Java Threads: ( => current thread )

Other Threads:
  0x0000025d2b31f800 GCTaskThread "GC Thread#0" [stack: 0x000000e740e00000,0x000000e740f00000] [id=2288]
  0x0000025d2b335000 ConcurrentGCThread "G1 Main Marker" [stack: 0x000000e740f00000,0x000000e741000000] [id=4804]
  0x0000025d2b336800 ConcurrentGCThread "G1 Conc#0" [stack: 0x000000e741000000,0x000000e741100000] [id=7960]

[error occurred during error reporting (printing all threads), id 0xc0000005, EXCEPTION_ACCESS_VIOLATION (0xc0000005) at pc=0x00007ffa46bfb9f7]

VM state:not at safepoint (not fully initialized)

VM Mutex/Monitor currently owned by a thread:  ([mutex/lock_event])
[0x0000025d2b302d40] Heap_lock - owner thread: 0x0000025d2b307000

Heap address: 0x00000000d1200000, size: 750 MB, Compressed Oops mode: Non-zero based: 0x00000000d1200000
Narrow klass base: 0x0000000000000000, Narrow klass shift: 0

GC Heap History (0 events):
No events

Deoptimization events (0 events):
No events

Classes redefined (0 events):
No events

Internal exceptions (0 events):
No events

Events (1 events):
Event: 0.047 Loaded shared library C:\Program Files\JetBrains\PhpStorm 2021.1.3\jbr\bin\zip.dll


Dynamic libraries:
0x00007ff6ff1d0000 - 0x00007ff6ff1da000 	C:\Program Files\JetBrains\PhpStorm 2021.1.3\jbr\bin\java.exe
0x00007ffa82730000 - 0x00007ffa82925000 	C:\Windows\SYSTEM32\ntdll.dll
0x00007ffa82440000 - 0x00007ffa824fd000 	C:\Windows\System32\KERNEL32.DLL
0x00007ffa7ffa0000 - 0x00007ffa80268000 	C:\Windows\System32\KERNELBASE.dll
0x00007ffa7fea0000 - 0x00007ffa7ffa0000 	C:\Windows\System32\ucrtbase.dll
0x00007ffa7d6b0000 - 0x00007ffa7d6c9000 	C:\Program Files\JetBrains\PhpStorm 2021.1.3\jbr\bin\jli.dll
0x00007ffa7d690000 - 0x00007ffa7d6a7000 	C:\Program Files\JetBrains\PhpStorm 2021.1.3\jbr\bin\VCRUNTIME140.dll
0x00007ffa80be0000 - 0x00007ffa80d80000 	C:\Windows\System32\USER32.dll
0x00007ffa805d0000 - 0x00007ffa805f2000 	C:\Windows\System32\win32u.dll
0x00007ffa61e90000 - 0x00007ffa6212a000 	C:\Windows\WinSxS\amd64_microsoft.windows.common-controls_6595b64144ccf1df_6.0.19041.844_none_ca00b6081b84eb1d\COMCTL32.dll
0x00007ffa814d0000 - 0x00007ffa814fa000 	C:\Windows\System32\GDI32.dll
0x00007ffa802c0000 - 0x00007ffa803cb000 	C:\Windows\System32\gdi32full.dll
0x00007ffa81ee0000 - 0x00007ffa81f7e000 	C:\Windows\System32\msvcrt.dll
0x00007ffa80530000 - 0x00007ffa805cd000 	C:\Windows\System32\msvcp_win.dll
0x00007ffa80bb0000 - 0x00007ffa80be0000 	C:\Windows\System32\IMM32.DLL
0x00007ffa78830000 - 0x00007ffa788cd000 	C:\Program Files\JetBrains\PhpStorm 2021.1.3\jbr\bin\msvcp140.dll
0x00007ffa46910000 - 0x00007ffa47459000 	C:\Program Files\JetBrains\PhpStorm 2021.1.3\jbr\bin\server\jvm.dll
0x00007ffa82590000 - 0x00007ffa8263c000 	C:\Windows\System32\ADVAPI32.dll
0x00007ffa81500000 - 0x00007ffa8159b000 	C:\Windows\System32\sechost.dll
0x00007ffa80a80000 - 0x00007ffa80bab000 	C:\Windows\System32\RPCRT4.dll
0x00007ffa81660000 - 0x00007ffa81668000 	C:\Windows\System32\PSAPI.DLL
0x00007ffa6d890000 - 0x00007ffa6d8b7000 	C:\Windows\SYSTEM32\WINMM.dll
0x00007ffa74fb0000 - 0x00007ffa74fba000 	C:\Windows\SYSTEM32\VERSION.dll
0x00007ffa79110000 - 0x00007ffa79119000 	C:\Windows\SYSTEM32\WSOCK32.dll
0x00007ffa80790000 - 0x00007ffa807fb000 	C:\Windows\System32\WS2_32.dll
0x00007ffa7dd90000 - 0x00007ffa7dda2000 	C:\Windows\SYSTEM32\kernel.appcore.dll
0x00007ffa7af00000 - 0x00007ffa7af11000 	C:\Program Files\JetBrains\PhpStorm 2021.1.3\jbr\bin\verify.dll
0x00007ffa6b480000 - 0x00007ffa6b664000 	C:\Windows\SYSTEM32\DBGHELP.DLL
0x00007ffa74570000 - 0x00007ffa7459c000 	C:\Windows\SYSTEM32\dbgcore.DLL
0x00007ffa80600000 - 0x00007ffa80680000 	C:\Windows\System32\bcryptPrimitives.dll
0x00007ffa7ad80000 - 0x00007ffa7ada9000 	C:\Program Files\JetBrains\PhpStorm 2021.1.3\jbr\bin\java.dll
0x00007ffa7bb30000 - 0x00007ffa7bb3b000 	C:\Program Files\JetBrains\PhpStorm 2021.1.3\jbr\bin\jimage.dll
0x00007ffa7aee0000 - 0x00007ffa7aef8000 	C:\Program Files\JetBrains\PhpStorm 2021.1.3\jbr\bin\zip.dll

dbghelp: loaded successfully - version: 4.0.5 - missing functions: none
symbol engine: initialized successfully - sym options: 0x614 - pdb path: .;C:\Program Files\JetBrains\PhpStorm 2021.1.3\jbr\bin;C:\Windows\SYSTEM32;C:\Windows\WinSxS\amd64_microsoft.windows.common-controls_6595b64144ccf1df_6.0.19041.844_none_ca00b6081b84eb1d;C:\Program Files\JetBrains\PhpStorm 2021.1.3\jbr\bin\server

VM Arguments:
jvm_args: -Djava.rmi.server.hostname=127.0.0.1 -Duser.timezone=UTC -Xmx750m -Xms128m -Dfile.encoding=UTF-8 
java_command: com.intellij.database.remote.RemoteJdbcServer com.mysql.cj.jdbc.Driver
java_class_path (initial): C:\Program Files\JetBrains\PhpStorm 2021.1.3\lib\util.jar;C:\Program Files\JetBrains\PhpStorm 2021.1.3\lib\trove4j.jar;C:\Program Files\JetBrains\PhpStorm 2021.1.3\lib\groovy-2.5.11.jar;C:\Program Files\JetBrains\PhpStorm 2021.1.3\plugins\DatabaseTools\lib\jdbc-console.jar;C:\Users\Alexander\AppData\Roaming\JetBrains\PhpStorm2021.1\jdbc-drivers\MySQL ConnectorJ\8.0.25\mysql-connector-java-8.0.25.jar
Launcher Type: SUN_STANDARD

[Global flags]
     intx CICompilerCount                          = 3                                         {product} {ergonomic}
     uint ConcGCThreads                            = 1                                         {product} {ergonomic}
     uint G1ConcRefinementThreads                  = 4                                         {product} {ergonomic}
   size_t G1HeapRegionSize                         = 1048576                                   {product} {ergonomic}
    uintx GCDrainStackTargetSize                   = 64                                        {product} {ergonomic}
   size_t InitialHeapSize                          = 134217728                                 {product} {command line}
   size_t MarkStackSize                            = 4194304                                   {product} {ergonomic}
   size_t MaxHeapSize                              = 786432000                                 {product} {command line}
   size_t MinHeapDeltaBytes                        = 1048576                                   {product} {ergonomic}
    uintx NonNMethodCodeHeapSize                   = 5830732                                {pd product} {ergonomic}
    uintx NonProfiledCodeHeapSize                  = 122913754                              {pd product} {ergonomic}
    uintx ProfiledCodeHeapSize                     = 122913754                              {pd product} {ergonomic}
    uintx ReservedCodeCacheSize                    = 251658240                              {pd product} {ergonomic}
     bool SegmentedCodeCache                       = true                                      {product} {ergonomic}
     bool UseCompressedClassPointers               = true                                 {lp64_product} {ergonomic}
     bool UseCompressedOops                        = true                                 {lp64_product} {ergonomic}
     bool UseG1GC                                  = true                                      {product} {ergonomic}
     bool UseLargePagesIndividualAllocation        = false                                  {pd product} {ergonomic}

Logging:
Log output configuration:
 #0: stdout all=warning uptime,level,tags
 #1: stderr all=off uptime,level,tags

Environment Variables:
PATH=C:\Windows\system32;C:\Windows;C:\Windows\System32\Wbem;C:\Windows\System32\WindowsPowerShell\v1.0\;C:\Windows\System32\OpenSSH\;D:\php;C:\Program Files\Git\cmd;C:\Program Files\Docker\Docker\resources\bin;C:\ProgramData\DockerDesktop\version-bin;C:\Users\Alexander\AppData\Local\Microsoft\WindowsApps;D:\php;
USERNAME=Alexander
OS=Windows_NT
PROCESSOR_IDENTIFIER=AMD64 Family 16 Model 4 Stepping 3, AuthenticAMD



---------------  S Y S T E M  ---------------

OS: Windows 10 , 64 bit Build 19041 (10.0.19041.804)
OS uptime: 0 days 17:47 hours
Hyper-V role detected

CPU:total 4 (initial active 4) (4 cores per cpu, 1 threads per core) family 16 model 4 stepping 3 microcode 0x0, cmov, cx8, fxsr, mmx, sse, sse2, sse3, popcnt, mmxext, 3dnowpref, lzcnt, sse4a, tsc, tscinvbit, tscinv

Memory: 4k page, system-wide physical 8190M (323M free)
TotalPageFile size 13183M (AvailPageFile size 103M)
current process WorkingSet (physical memory assigned to process): 9M, peak: 9M
current process commit charge ("private bytes"): 51M, peak: 179M

vm_info: OpenJDK 64-Bit Server VM (11.0.11+9-b1341.57) for windows-amd64 JRE (11.0.11+9-b1341.57), built on May 17 2021 14:33:39 by "" with MS VC++ 14.0 (VS2015)

END.
